{"/Users/Hugo/Documents/Cours/5ème_année/Projets/DDD/server.js":{"path":"/Users/Hugo/Documents/Cours/5ème_année/Projets/DDD/server.js","s":{"1":1,"2":1,"3":1,"4":1,"5":1,"6":1,"7":1,"8":1,"9":1,"10":1,"11":1,"12":1,"13":1,"14":1,"15":0,"16":1,"17":1,"18":1,"19":1,"20":1,"21":1,"22":1,"23":1,"24":1},"b":{"1":[1,1],"2":[0,1]},"f":{"1":1,"2":1,"3":1},"fnMap":{"1":{"name":"(anonymous_1)","line":17,"loc":{"start":{"line":17,"column":8},"end":{"line":17,"column":34}}},"2":{"name":"(anonymous_2)","line":34,"loc":{"start":{"line":34,"column":8},"end":{"line":34,"column":20}}},"3":{"name":"(anonymous_3)","line":39,"loc":{"start":{"line":39,"column":7},"end":{"line":39,"column":19}}}},"statementMap":{"1":{"start":{"line":3,"column":0},"end":{"line":3,"column":33}},"2":{"start":{"line":4,"column":0},"end":{"line":4,"column":20}},"3":{"start":{"line":5,"column":0},"end":{"line":5,"column":40}},"4":{"start":{"line":7,"column":0},"end":{"line":7,"column":11}},"5":{"start":{"line":8,"column":0},"end":{"line":8,"column":10}},"6":{"start":{"line":9,"column":0},"end":{"line":9,"column":9}},"7":{"start":{"line":12,"column":0},"end":{"line":12,"column":27}},"8":{"start":{"line":13,"column":0},"end":{"line":13,"column":52}},"9":{"start":{"line":14,"column":0},"end":{"line":14,"column":44}},"10":{"start":{"line":17,"column":0},"end":{"line":29,"column":3}},"11":{"start":{"line":19,"column":4},"end":{"line":19,"column":51}},"12":{"start":{"line":20,"column":4},"end":{"line":20,"column":89}},"13":{"start":{"line":21,"column":4},"end":{"line":21,"column":112}},"14":{"start":{"line":23,"column":4},"end":{"line":27,"column":5}},"15":{"start":{"line":24,"column":8},"end":{"line":24,"column":31}},"16":{"start":{"line":26,"column":8},"end":{"line":26,"column":15}},"17":{"start":{"line":31,"column":0},"end":{"line":31,"column":106}},"18":{"start":{"line":34,"column":0},"end":{"line":36,"column":1}},"19":{"start":{"line":35,"column":4},"end":{"line":35,"column":41}},"20":{"start":{"line":39,"column":0},"end":{"line":41,"column":1}},"21":{"start":{"line":40,"column":4},"end":{"line":40,"column":19}},"22":{"start":{"line":44,"column":0},"end":{"line":44,"column":22}},"23":{"start":{"line":45,"column":0},"end":{"line":45,"column":20}},"24":{"start":{"line":46,"column":0},"end":{"line":46,"column":31}}},"branchMap":{"1":{"line":14,"type":"binary-expr","locations":[{"start":{"line":14,"column":17},"end":{"line":14,"column":33}},{"start":{"line":14,"column":37},"end":{"line":14,"column":41}}]},"2":{"line":23,"type":"if","locations":[{"start":{"line":23,"column":4},"end":{"line":23,"column":4}},{"start":{"line":23,"column":4},"end":{"line":23,"column":4}}]}}},"/Users/Hugo/Documents/Cours/5ème_année/Projets/DDD/routes/planification-entretien.js":{"path":"/Users/Hugo/Documents/Cours/5ème_année/Projets/DDD/routes/planification-entretien.js","s":{"1":1,"2":1,"3":1,"4":1,"5":1,"6":1,"7":1,"8":1,"9":1,"10":1,"11":3,"12":3,"13":1,"14":1,"15":1,"16":0,"17":1,"18":1,"19":1,"20":1,"21":0,"22":1,"23":1,"24":1,"25":0,"26":0,"27":1,"28":0,"29":0,"30":1,"31":0,"32":0,"33":1},"b":{"1":[3,0],"2":[3,3,3],"3":[1,0],"4":[0,1],"5":[0,1]},"f":{},"fnMap":{},"statementMap":{"1":{"start":{"line":1,"column":0},"end":{"line":1,"column":33}},"2":{"start":{"line":2,"column":0},"end":{"line":2,"column":30}},"3":{"start":{"line":3,"column":0},"end":{"line":3,"column":31}},"4":{"start":{"line":5,"column":0},"end":{"line":5,"column":92}},"5":{"start":{"line":6,"column":0},"end":{"line":6,"column":84}},"6":{"start":{"line":7,"column":0},"end":{"line":7,"column":88}},"7":{"start":{"line":8,"column":0},"end":{"line":8,"column":80}},"8":{"start":{"line":10,"column":0},"end":{"line":20,"column":1}},"9":{"start":{"line":12,"column":4},"end":{"line":12,"column":15}},"10":{"start":{"line":13,"column":4},"end":{"line":17,"column":7}},"11":{"start":{"line":14,"column":8},"end":{"line":16,"column":9}},"12":{"start":{"line":15,"column":12},"end":{"line":15,"column":17}},"13":{"start":{"line":18,"column":4},"end":{"line":18,"column":46}},"14":{"start":{"line":24,"column":0},"end":{"line":41,"column":3}},"15":{"start":{"line":26,"column":4},"end":{"line":28,"column":5}},"16":{"start":{"line":27,"column":8},"end":{"line":27,"column":98}},"17":{"start":{"line":30,"column":4},"end":{"line":30,"column":33}},"18":{"start":{"line":31,"column":4},"end":{"line":31,"column":35}},"19":{"start":{"line":32,"column":4},"end":{"line":32,"column":29}},"20":{"start":{"line":34,"column":4},"end":{"line":36,"column":5}},"21":{"start":{"line":35,"column":8},"end":{"line":35,"column":84}},"22":{"start":{"line":38,"column":4},"end":{"line":38,"column":65}},"23":{"start":{"line":39,"column":4},"end":{"line":39,"column":62}},"24":{"start":{"line":46,"column":0},"end":{"line":51,"column":3}},"25":{"start":{"line":48,"column":4},"end":{"line":48,"column":29}},"26":{"start":{"line":49,"column":4},"end":{"line":49,"column":29}},"27":{"start":{"line":56,"column":0},"end":{"line":61,"column":3}},"28":{"start":{"line":58,"column":4},"end":{"line":58,"column":29}},"29":{"start":{"line":59,"column":4},"end":{"line":59,"column":29}},"30":{"start":{"line":66,"column":0},"end":{"line":71,"column":3}},"31":{"start":{"line":68,"column":4},"end":{"line":68,"column":29}},"32":{"start":{"line":69,"column":4},"end":{"line":69,"column":29}},"33":{"start":{"line":73,"column":0},"end":{"line":73,"column":24}}},"branchMap":{"1":{"line":14,"type":"if","locations":[{"start":{"line":14,"column":8},"end":{"line":14,"column":8}},{"start":{"line":14,"column":8},"end":{"line":14,"column":8}}]},"2":{"line":14,"type":"binary-expr","locations":[{"start":{"line":14,"column":12},"end":{"line":14,"column":25}},{"start":{"line":14,"column":29},"end":{"line":14,"column":48}},{"start":{"line":14,"column":52},"end":{"line":14,"column":69}}]},"3":{"line":18,"type":"cond-expr","locations":[{"start":{"line":18,"column":33},"end":{"line":18,"column":37}},{"start":{"line":18,"column":40},"end":{"line":18,"column":45}}]},"4":{"line":26,"type":"if","locations":[{"start":{"line":26,"column":4},"end":{"line":26,"column":4}},{"start":{"line":26,"column":4},"end":{"line":26,"column":4}}]},"5":{"line":34,"type":"if","locations":[{"start":{"line":34,"column":4},"end":{"line":34,"column":4}},{"start":{"line":34,"column":4},"end":{"line":34,"column":4}}]}}},"/Users/Hugo/Documents/Cours/5ème_année/Projets/DDD/use-cases/planification-entretien/disponibilite.js":{"path":"/Users/Hugo/Documents/Cours/5ème_année/Projets/DDD/use-cases/planification-entretien/disponibilite.js","s":{"1":1,"2":1,"3":1,"4":1,"5":0,"6":0,"7":0,"8":1,"9":1},"b":{"1":[0,1],"2":[0,0]},"f":{},"fnMap":{},"statementMap":{"1":{"start":{"line":1,"column":0},"end":{"line":1,"column":101}},"2":{"start":{"line":3,"column":0},"end":{"line":26,"column":1}},"3":{"start":{"line":5,"column":4},"end":{"line":5,"column":15}},"4":{"start":{"line":6,"column":4},"end":{"line":23,"column":5}},"5":{"start":{"line":7,"column":8},"end":{"line":17,"column":9}},"6":{"start":{"line":8,"column":12},"end":{"line":11,"column":13}},"7":{"start":{"line":13,"column":12},"end":{"line":16,"column":13}},"8":{"start":{"line":19,"column":8},"end":{"line":22,"column":9}},"9":{"start":{"line":24,"column":4},"end":{"line":24,"column":18}}},"branchMap":{"1":{"line":6,"type":"if","locations":[{"start":{"line":6,"column":4},"end":{"line":6,"column":4}},{"start":{"line":6,"column":4},"end":{"line":6,"column":4}}]},"2":{"line":7,"type":"if","locations":[{"start":{"line":7,"column":8},"end":{"line":7,"column":8}},{"start":{"line":7,"column":8},"end":{"line":7,"column":8}}]}}},"/Users/Hugo/Documents/Cours/5ème_année/Projets/DDD/services/planification-entretien/disponibiliteManager.js":{"path":"/Users/Hugo/Documents/Cours/5ème_année/Projets/DDD/services/planification-entretien/disponibiliteManager.js","s":{"1":1,"2":1,"3":1,"4":1,"5":1,"6":46,"7":46,"8":361,"9":0,"10":1,"11":1,"12":0,"13":0,"14":0,"15":0,"16":0,"17":0,"18":0,"19":0,"20":0,"21":0,"22":0,"23":0,"24":0,"25":0,"26":0,"27":0,"28":0,"29":0,"30":0,"31":0},"b":{"1":[46,0],"2":[0,361],"3":[361,213],"4":[0,0],"5":[0,0],"6":[0,0],"7":[0,0],"8":[0,0],"9":[0,0],"10":[0,0],"11":[0,0],"12":[0,0],"13":[0,0],"14":[0,0],"15":[0,0]},"f":{},"fnMap":{},"statementMap":{"1":{"start":{"line":1,"column":0},"end":{"line":1,"column":42}},"2":{"start":{"line":3,"column":0},"end":{"line":21,"column":1}},"3":{"start":{"line":5,"column":4},"end":{"line":19,"column":7}},"4":{"start":{"line":7,"column":8},"end":{"line":7,"column":41}},"5":{"start":{"line":8,"column":8},"end":{"line":16,"column":11}},"6":{"start":{"line":9,"column":12},"end":{"line":15,"column":13}},"7":{"start":{"line":10,"column":16},"end":{"line":14,"column":19}},"8":{"start":{"line":11,"column":20},"end":{"line":13,"column":21}},"9":{"start":{"line":12,"column":24},"end":{"line":12,"column":52}},"10":{"start":{"line":17,"column":8},"end":{"line":17,"column":36}},"11":{"start":{"line":23,"column":0},"end":{"line":61,"column":1}},"12":{"start":{"line":25,"column":4},"end":{"line":41,"column":7}},"13":{"start":{"line":27,"column":8},"end":{"line":27,"column":39}},"14":{"start":{"line":28,"column":8},"end":{"line":38,"column":11}},"15":{"start":{"line":29,"column":12},"end":{"line":37,"column":13}},"16":{"start":{"line":30,"column":16},"end":{"line":36,"column":17}},"17":{"start":{"line":31,"column":20},"end":{"line":35,"column":23}},"18":{"start":{"line":32,"column":24},"end":{"line":34,"column":25}},"19":{"start":{"line":33,"column":28},"end":{"line":33,"column":54}},"20":{"start":{"line":39,"column":8},"end":{"line":39,"column":34}},"21":{"start":{"line":43,"column":4},"end":{"line":59,"column":5}},"22":{"start":{"line":45,"column":8},"end":{"line":45,"column":105}},"23":{"start":{"line":46,"column":8},"end":{"line":56,"column":9}},"24":{"start":{"line":47,"column":12},"end":{"line":47,"column":76}},"25":{"start":{"line":48,"column":12},"end":{"line":55,"column":13}},"26":{"start":{"line":49,"column":16},"end":{"line":49,"column":76}},"27":{"start":{"line":50,"column":16},"end":{"line":52,"column":17}},"28":{"start":{"line":51,"column":20},"end":{"line":51,"column":30}},"29":{"start":{"line":53,"column":19},"end":{"line":55,"column":13}},"30":{"start":{"line":54,"column":16},"end":{"line":54,"column":26}},"31":{"start":{"line":57,"column":8},"end":{"line":57,"column":18}}},"branchMap":{"1":{"line":9,"type":"if","locations":[{"start":{"line":9,"column":12},"end":{"line":9,"column":12}},{"start":{"line":9,"column":12},"end":{"line":9,"column":12}}]},"2":{"line":11,"type":"if","locations":[{"start":{"line":11,"column":20},"end":{"line":11,"column":20}},{"start":{"line":11,"column":20},"end":{"line":11,"column":20}}]},"3":{"line":11,"type":"binary-expr","locations":[{"start":{"line":11,"column":24},"end":{"line":11,"column":44}},{"start":{"line":11,"column":48},"end":{"line":11,"column":81}}]},"4":{"line":29,"type":"if","locations":[{"start":{"line":29,"column":12},"end":{"line":29,"column":12}},{"start":{"line":29,"column":12},"end":{"line":29,"column":12}}]},"5":{"line":30,"type":"if","locations":[{"start":{"line":30,"column":16},"end":{"line":30,"column":16}},{"start":{"line":30,"column":16},"end":{"line":30,"column":16}}]},"6":{"line":30,"type":"binary-expr","locations":[{"start":{"line":30,"column":20},"end":{"line":30,"column":53}},{"start":{"line":30,"column":57},"end":{"line":30,"column":83}}]},"7":{"line":32,"type":"if","locations":[{"start":{"line":32,"column":24},"end":{"line":32,"column":24}},{"start":{"line":32,"column":24},"end":{"line":32,"column":24}}]},"8":{"line":32,"type":"binary-expr","locations":[{"start":{"line":32,"column":28},"end":{"line":32,"column":48}},{"start":{"line":32,"column":52},"end":{"line":32,"column":85}}]},"9":{"line":45,"type":"cond-expr","locations":[{"start":{"line":45,"column":92},"end":{"line":45,"column":96}},{"start":{"line":45,"column":99},"end":{"line":45,"column":104}}]},"10":{"line":45,"type":"binary-expr","locations":[{"start":{"line":45,"column":17},"end":{"line":45,"column":57}},{"start":{"line":45,"column":61},"end":{"line":45,"column":89}}]},"11":{"line":46,"type":"if","locations":[{"start":{"line":46,"column":8},"end":{"line":46,"column":8}},{"start":{"line":46,"column":8},"end":{"line":46,"column":8}}]},"12":{"line":48,"type":"if","locations":[{"start":{"line":48,"column":12},"end":{"line":48,"column":12}},{"start":{"line":48,"column":12},"end":{"line":48,"column":12}}]},"13":{"line":50,"type":"if","locations":[{"start":{"line":50,"column":16},"end":{"line":50,"column":16}},{"start":{"line":50,"column":16},"end":{"line":50,"column":16}}]},"14":{"line":50,"type":"binary-expr","locations":[{"start":{"line":50,"column":20},"end":{"line":50,"column":57}},{"start":{"line":50,"column":61},"end":{"line":50,"column":98}}]},"15":{"line":53,"type":"if","locations":[{"start":{"line":53,"column":19},"end":{"line":53,"column":19}},{"start":{"line":53,"column":19},"end":{"line":53,"column":19}}]}}},"/Users/Hugo/Documents/Cours/5ème_année/Projets/DDD/model/user.js":{"path":"/Users/Hugo/Documents/Cours/5ème_année/Projets/DDD/model/user.js","s":{"1":1,"2":1,"3":1},"b":{},"f":{},"fnMap":{},"statementMap":{"1":{"start":{"line":1,"column":0},"end":{"line":1,"column":35}},"2":{"start":{"line":3,"column":0},"end":{"line":18,"column":3}},"3":{"start":{"line":20,"column":0},"end":{"line":20,"column":52}}},"branchMap":{}},"/Users/Hugo/Documents/Cours/5ème_année/Projets/DDD/use-cases/planification-entretien/planifier.js":{"path":"/Users/Hugo/Documents/Cours/5ème_année/Projets/DDD/use-cases/planification-entretien/planifier.js","s":{"1":1,"2":1,"3":0,"4":0,"5":0,"6":0,"7":0,"8":0,"9":0},"b":{"1":[0,0],"2":[0,0]},"f":{},"fnMap":{},"statementMap":{"1":{"start":{"line":1,"column":0},"end":{"line":1,"column":101}},"2":{"start":{"line":3,"column":0},"end":{"line":26,"column":1}},"3":{"start":{"line":5,"column":4},"end":{"line":5,"column":15}},"4":{"start":{"line":6,"column":4},"end":{"line":23,"column":5}},"5":{"start":{"line":7,"column":8},"end":{"line":17,"column":9}},"6":{"start":{"line":8,"column":12},"end":{"line":11,"column":13}},"7":{"start":{"line":13,"column":12},"end":{"line":16,"column":13}},"8":{"start":{"line":19,"column":8},"end":{"line":22,"column":9}},"9":{"start":{"line":24,"column":4},"end":{"line":24,"column":18}}},"branchMap":{"1":{"line":6,"type":"if","locations":[{"start":{"line":6,"column":4},"end":{"line":6,"column":4}},{"start":{"line":6,"column":4},"end":{"line":6,"column":4}}]},"2":{"line":7,"type":"if","locations":[{"start":{"line":7,"column":8},"end":{"line":7,"column":8}},{"start":{"line":7,"column":8},"end":{"line":7,"column":8}}]}}},"/Users/Hugo/Documents/Cours/5ème_année/Projets/DDD/use-cases/planification-entretien/replanifier.js":{"path":"/Users/Hugo/Documents/Cours/5ème_année/Projets/DDD/use-cases/planification-entretien/replanifier.js","s":{"1":1,"2":1,"3":0,"4":0,"5":0,"6":0,"7":0,"8":0,"9":0},"b":{"1":[0,0],"2":[0,0]},"f":{},"fnMap":{},"statementMap":{"1":{"start":{"line":1,"column":0},"end":{"line":1,"column":101}},"2":{"start":{"line":3,"column":0},"end":{"line":26,"column":1}},"3":{"start":{"line":5,"column":4},"end":{"line":5,"column":15}},"4":{"start":{"line":6,"column":4},"end":{"line":23,"column":5}},"5":{"start":{"line":7,"column":8},"end":{"line":17,"column":9}},"6":{"start":{"line":8,"column":12},"end":{"line":11,"column":13}},"7":{"start":{"line":13,"column":12},"end":{"line":16,"column":13}},"8":{"start":{"line":19,"column":8},"end":{"line":22,"column":9}},"9":{"start":{"line":24,"column":4},"end":{"line":24,"column":18}}},"branchMap":{"1":{"line":6,"type":"if","locations":[{"start":{"line":6,"column":4},"end":{"line":6,"column":4}},{"start":{"line":6,"column":4},"end":{"line":6,"column":4}}]},"2":{"line":7,"type":"if","locations":[{"start":{"line":7,"column":8},"end":{"line":7,"column":8}},{"start":{"line":7,"column":8},"end":{"line":7,"column":8}}]}}},"/Users/Hugo/Documents/Cours/5ème_année/Projets/DDD/use-cases/planification-entretien/annuler.js":{"path":"/Users/Hugo/Documents/Cours/5ème_année/Projets/DDD/use-cases/planification-entretien/annuler.js","s":{"1":1,"2":1,"3":0,"4":0,"5":0,"6":0,"7":0,"8":0,"9":0},"b":{"1":[0,0],"2":[0,0]},"f":{},"fnMap":{},"statementMap":{"1":{"start":{"line":1,"column":0},"end":{"line":1,"column":101}},"2":{"start":{"line":3,"column":0},"end":{"line":26,"column":1}},"3":{"start":{"line":5,"column":4},"end":{"line":5,"column":15}},"4":{"start":{"line":6,"column":4},"end":{"line":23,"column":5}},"5":{"start":{"line":7,"column":8},"end":{"line":17,"column":9}},"6":{"start":{"line":8,"column":12},"end":{"line":11,"column":13}},"7":{"start":{"line":13,"column":12},"end":{"line":16,"column":13}},"8":{"start":{"line":19,"column":8},"end":{"line":22,"column":9}},"9":{"start":{"line":24,"column":4},"end":{"line":24,"column":18}}},"branchMap":{"1":{"line":6,"type":"if","locations":[{"start":{"line":6,"column":4},"end":{"line":6,"column":4}},{"start":{"line":6,"column":4},"end":{"line":6,"column":4}}]},"2":{"line":7,"type":"if","locations":[{"start":{"line":7,"column":8},"end":{"line":7,"column":8}},{"start":{"line":7,"column":8},"end":{"line":7,"column":8}}]}}}}