TN:
SF:/Users/Hugo/Documents/Cours/5ème_année/Projets/DDD/server.js
FN:17,(anonymous_1)
FN:34,(anonymous_2)
FN:39,(anonymous_3)
FNF:3
FNH:3
FNDA:1,(anonymous_1)
FNDA:1,(anonymous_2)
FNDA:1,(anonymous_3)
DA:3,1
DA:4,1
DA:5,1
DA:7,1
DA:8,1
DA:9,1
DA:12,1
DA:13,1
DA:14,1
DA:17,1
DA:19,1
DA:20,1
DA:21,1
DA:23,1
DA:24,0
DA:26,1
DA:31,1
DA:34,1
DA:35,1
DA:39,1
DA:40,1
DA:44,1
DA:45,1
DA:46,1
LF:24
LH:23
BRDA:14,1,0,1
BRDA:14,1,1,1
BRDA:23,2,0,0
BRDA:23,2,1,1
BRF:4
BRH:3
end_of_record
TN:
SF:/Users/Hugo/Documents/Cours/5ème_année/Projets/DDD/routes/planification-entretien.js
FNF:0
FNH:0
DA:1,1
DA:2,1
DA:3,1
DA:5,1
DA:6,1
DA:7,1
DA:8,1
DA:10,1
DA:12,1
DA:13,1
DA:14,3
DA:15,3
DA:18,1
DA:24,1
DA:26,1
DA:27,0
DA:30,1
DA:31,1
DA:32,1
DA:34,1
DA:35,0
DA:38,1
DA:39,1
DA:46,1
DA:48,0
DA:49,0
DA:56,1
DA:58,0
DA:59,0
DA:66,1
DA:68,0
DA:69,0
DA:73,1
LF:33
LH:25
BRDA:14,1,0,3
BRDA:14,1,1,0
BRDA:14,2,0,3
BRDA:14,2,1,3
BRDA:14,2,2,3
BRDA:18,3,0,1
BRDA:18,3,1,0
BRDA:26,4,0,0
BRDA:26,4,1,1
BRDA:34,5,0,0
BRDA:34,5,1,1
BRF:11
BRH:7
end_of_record
TN:
SF:/Users/Hugo/Documents/Cours/5ème_année/Projets/DDD/use-cases/planification-entretien/disponibilite.js
FNF:0
FNH:0
DA:1,1
DA:3,1
DA:5,1
DA:6,1
DA:7,0
DA:8,0
DA:13,0
DA:19,1
DA:24,1
LF:9
LH:6
BRDA:6,1,0,0
BRDA:6,1,1,1
BRDA:7,2,0,0
BRDA:7,2,1,0
BRF:4
BRH:1
end_of_record
TN:
SF:/Users/Hugo/Documents/Cours/5ème_année/Projets/DDD/services/planification-entretien/disponibiliteManager.js
FNF:0
FNH:0
DA:1,1
DA:3,1
DA:5,1
DA:7,1
DA:8,1
DA:9,46
DA:10,46
DA:11,361
DA:12,0
DA:17,1
DA:23,1
DA:25,0
DA:27,0
DA:28,0
DA:29,0
DA:30,0
DA:31,0
DA:32,0
DA:33,0
DA:39,0
DA:43,0
DA:45,0
DA:46,0
DA:47,0
DA:48,0
DA:49,0
DA:50,0
DA:51,0
DA:53,0
DA:54,0
DA:57,0
LF:31
LH:10
BRDA:9,1,0,46
BRDA:9,1,1,0
BRDA:11,2,0,0
BRDA:11,2,1,361
BRDA:11,3,0,361
BRDA:11,3,1,213
BRDA:29,4,0,0
BRDA:29,4,1,0
BRDA:30,5,0,0
BRDA:30,5,1,0
BRDA:30,6,0,0
BRDA:30,6,1,0
BRDA:32,7,0,0
BRDA:32,7,1,0
BRDA:32,8,0,0
BRDA:32,8,1,0
BRDA:45,9,0,0
BRDA:45,9,1,0
BRDA:45,10,0,0
BRDA:45,10,1,0
BRDA:46,11,0,0
BRDA:46,11,1,0
BRDA:48,12,0,0
BRDA:48,12,1,0
BRDA:50,13,0,0
BRDA:50,13,1,0
BRDA:50,14,0,0
BRDA:50,14,1,0
BRDA:53,15,0,0
BRDA:53,15,1,0
BRF:30
BRH:4
end_of_record
TN:
SF:/Users/Hugo/Documents/Cours/5ème_année/Projets/DDD/model/user.js
FNF:0
FNH:0
DA:1,1
DA:3,1
DA:20,1
LF:3
LH:3
BRF:0
BRH:0
end_of_record
TN:
SF:/Users/Hugo/Documents/Cours/5ème_année/Projets/DDD/use-cases/planification-entretien/planifier.js
FNF:0
FNH:0
DA:1,1
DA:3,1
DA:5,0
DA:6,0
DA:7,0
DA:8,0
DA:13,0
DA:19,0
DA:24,0
LF:9
LH:2
BRDA:6,1,0,0
BRDA:6,1,1,0
BRDA:7,2,0,0
BRDA:7,2,1,0
BRF:4
BRH:0
end_of_record
TN:
SF:/Users/Hugo/Documents/Cours/5ème_année/Projets/DDD/use-cases/planification-entretien/replanifier.js
FNF:0
FNH:0
DA:1,1
DA:3,1
DA:5,0
DA:6,0
DA:7,0
DA:8,0
DA:13,0
DA:19,0
DA:24,0
LF:9
LH:2
BRDA:6,1,0,0
BRDA:6,1,1,0
BRDA:7,2,0,0
BRDA:7,2,1,0
BRF:4
BRH:0
end_of_record
TN:
SF:/Users/Hugo/Documents/Cours/5ème_année/Projets/DDD/use-cases/planification-entretien/annuler.js
FNF:0
FNH:0
DA:1,1
DA:3,1
DA:5,0
DA:6,0
DA:7,0
DA:8,0
DA:13,0
DA:19,0
DA:24,0
LF:9
LH:2
BRDA:6,1,0,0
BRDA:6,1,1,0
BRDA:7,2,0,0
BRDA:7,2,1,0
BRF:4
BRH:0
end_of_record
